#
# There is insufficient memory for the Java Runtime Environment to continue.
# Native memory allocation (malloc) failed to allocate 1029056 bytes for Chunk::new
# Possible reasons:
#   The system is out of physical RAM or swap space
#   In 32 bit mode, the process size limit was hit
# Possible solutions:
#   Reduce memory load on the system
#   Increase physical memory or swap space
#   Check if swap backing store is full
#   Use 64 bit Java on a 64 bit OS
#   Decrease Java heap size (-Xmx/-Xms)
#   Decrease number of Java threads
#   Decrease Java thread stack sizes (-Xss)
#   Set larger code cache with -XX:ReservedCodeCacheSize=
# This output file may be truncated or incomplete.
#
#  Out of Memory Error (allocation.cpp:390), pid=14596, tid=0x0000000000002680
#
# JRE version: Java(TM) SE Runtime Environment (8.0_191-b12) (build 1.8.0_191-b12)
# Java VM: Java HotSpot(TM) 64-Bit Server VM (25.191-b12 mixed mode windows-amd64 compressed oops)
# Failed to write core dump. Minidumps are not enabled by default on client versions of Windows
#

---------------  T H R E A D  ---------------

Current thread (0x00000000168fa800):  JavaThread "C2 CompilerThread0" daemon [_thread_in_native, id=9856, stack(0x0000000018210000,0x0000000018310000)]

Stack: [0x0000000018210000,0x0000000018310000]
[error occurred during error reporting (printing stack bounds), id 0xc0000005]

Native frames: (J=compiled Java code, j=interpreted, Vv=VM code, C=native code)


Current CompileTask:
C2:  25586 7632   !   4       java.nio.file.FileTreeWalker::next (144 bytes)


---------------  P R O C E S S  ---------------

Java Threads: ( => current thread )
  0x000000001f374800 JavaThread "Task worker for ':' Thread 3" [_thread_in_native, id=10320, stack(0x0000000022260000,0x0000000022360000)]
  0x000000001f374000 JavaThread "Task worker for ':' Thread 2" [_thread_blocked, id=9156, stack(0x0000000022160000,0x0000000022260000)]
  0x000000001f376000 JavaThread "Task worker for ':'" [_thread_blocked, id=14672, stack(0x0000000022060000,0x0000000022160000)]
  0x000000001f373000 JavaThread "Cache worker for Build Output Cleanup Cache (C:\Users\Admin\Desktop\Capstone\.gradle\buildOutputCleanup)" [_thread_blocked, id=18292, stack(0x0000000021f60000,0x0000000022060000)]
  0x000000001f36c800 JavaThread "Cache worker for task history cache (C:\Users\Admin\Desktop\Capstone\.gradle\4.4\taskHistory)" [_thread_blocked, id=22640, stack(0x0000000021e60000,0x0000000021f60000)]
  0x000000001f36d000 JavaThread "Cache worker for file content cache (C:\Users\Admin\Desktop\Capstone\.gradle\4.4\fileContent)" [_thread_blocked, id=22092, stack(0x0000000021350000,0x0000000021450000)]
  0x000000001f371000 JavaThread "Memory manager" [_thread_blocked, id=23112, stack(0x0000000020c50000,0x0000000020d50000)]
  0x000000001f36e000 JavaThread "build operations Thread 4" [_thread_blocked, id=13260, stack(0x0000000020550000,0x0000000020650000)]
  0x000000001f36e800 JavaThread "build operations Thread 3" [_thread_blocked, id=3384, stack(0x0000000020450000,0x0000000020550000)]
  0x000000001f371800 JavaThread "build operations Thread 2" [_thread_blocked, id=11136, stack(0x0000000020350000,0x0000000020450000)]
  0x0000000017c30000 JavaThread "build operations" [_thread_blocked, id=20432, stack(0x0000000020250000,0x0000000020350000)]
  0x0000000017c2d000 JavaThread "Cache worker for Artifact transforms cache (C:\Users\Admin\.gradle\caches\transforms-1)" [_thread_blocked, id=13908, stack(0x000000001fe50000,0x000000001ff50000)]
  0x0000000017c2c000 JavaThread "Cache worker for file hash cache (C:\Users\Admin\Desktop\Capstone\.gradle\4.4\fileHashes)" [_thread_blocked, id=20016, stack(0x000000001e3f0000,0x000000001e4f0000)]
  0x0000000017c2d800 JavaThread "File lock request listener" [_thread_in_native, id=3984, stack(0x000000001bf90000,0x000000001c090000)]
  0x0000000017c2b800 JavaThread "Cache worker for file hash cache (C:\Users\Admin\.gradle\caches\4.4\fileHashes)" [_thread_blocked, id=10568, stack(0x000000001be90000,0x000000001bf90000)]
  0x0000000017d8f000 JavaThread "Stdin handler" [_thread_blocked, id=9384, stack(0x000000001abc0000,0x000000001acc0000)]
  0x0000000017e84800 JavaThread "Asynchronous log dispatcher for DefaultDaemonConnection: socket connection from /127.0.0.1:53417 to /127.0.0.1:53418" [_thread_blocked, id=17652, stack(0x000000001aac0000,0x000000001abc0000)]
  0x0000000017c37800 JavaThread "Daemon worker" [_thread_blocked, id=21620, stack(0x000000001a9c0000,0x000000001aac0000)]
  0x0000000017fad800 JavaThread "Cancel handler" [_thread_blocked, id=16088, stack(0x000000001a8c0000,0x000000001a9c0000)]
  0x0000000017ee4800 JavaThread "Handler for socket connection from /127.0.0.1:53417 to /127.0.0.1:53418" [_thread_in_native, id=18480, stack(0x000000001a5c0000,0x000000001a6c0000)]
  0x0000000017e88800 JavaThread "Daemon" [_thread_blocked, id=9280, stack(0x000000001a4c0000,0x000000001a5c0000)]
  0x0000000019a63000 JavaThread "Daemon periodic checks" [_thread_blocked, id=14172, stack(0x000000001a3c0000,0x000000001a4c0000)]
  0x0000000019a78800 JavaThread "Incoming local TCP Connector on port 53417" [_thread_in_native, id=18140, stack(0x000000001a1e0000,0x000000001a2e0000)]
  0x0000000019a1c800 JavaThread "Daemon health stats" [_thread_blocked, id=12444, stack(0x000000001a0e0000,0x000000001a1e0000)]
  0x0000000017cb2800 JavaThread "Service Thread" daemon [_thread_blocked, id=3356, stack(0x0000000018510000,0x0000000018610000)]
  0x0000000017c31800 JavaThread "C1 CompilerThread2" daemon [_thread_blocked, id=16240, stack(0x0000000018410000,0x0000000018510000)]
  0x0000000017c1b000 JavaThread "C2 CompilerThread1" daemon [_thread_in_native, id=14116, stack(0x0000000018310000,0x0000000018410000)]
=>0x00000000168fa800 JavaThread "C2 CompilerThread0" daemon [_thread_in_native, id=9856, stack(0x0000000018210000,0x0000000018310000)]
  0x00000000168ad800 JavaThread "Attach Listener" daemon [_thread_blocked, id=8256, stack(0x0000000018110000,0x0000000018210000)]
  0x0000000017c18800 JavaThread "Signal Dispatcher" daemon [_thread_blocked, id=23040, stack(0x0000000018010000,0x0000000018110000)]
  0x0000000002f2a000 JavaThread "Finalizer" daemon [_thread_blocked, id=22344, stack(0x0000000017b10000,0x0000000017c10000)]
  0x0000000002f21000 JavaThread "Reference Handler" daemon [_thread_blocked, id=21972, stack(0x0000000017a10000,0x0000000017b10000)]
  0x0000000002d2e000 JavaThread "main" [_thread_blocked, id=10300, stack(0x0000000002d30000,0x0000000002e30000)]

Other Threads:
  0x0000000016868000 VMThread [stack: 0x0000000017910000,0x0000000017a10000] [id=19536]
  0x0000000017cb3000 WatcherThread [stack: 0x0000000018610000,0x0000000018710000] [id=21564]

VM state:not at safepoint (normal execution)

VM Mutex/Monitor currently owned by a thread: None

Heap:
 PSYoungGen      total 130560K, used 49590K [0x00000000e0000000, 0x00000000eb680000, 0x0000000100000000)
  eden space 113152K, 28% used [0x00000000e0000000,0x00000000e1f75650,0x00000000e6e80000)
  from space 17408K, 99% used [0x00000000e6e80000,0x00000000e7f784e0,0x00000000e7f80000)
  to   space 22528K, 0% used [0x00000000ea080000,0x00000000ea080000,0x00000000eb680000)
 ParOldGen       total 98304K, used 32645K [0x00000000a0000000, 0x00000000a6000000, 0x00000000e0000000)
  object space 98304K, 33% used [0x00000000a0000000,0x00000000a1fe1600,0x00000000a6000000)
 Metaspace       used 56922K, capacity 58924K, committed 59136K, reserved 1099776K
  class space    used 7929K, capacity 8403K, committed 8448K, reserved 1048576K

Card table byte_map: [0x00000000122f0000,0x0000000012600000] byte_map_base: 0x0000000011df0000

Marking Bits: (ParMarkBitMap*) 0x0000000067403e30
 Begin Bits: [0x0000000012c00000, 0x0000000014400000)
 End Bits:   [0x0000000014400000, 0x0000000015c00000)

Polling page: 0x0000000000c40000

CodeCache: size=245760Kb used=22700Kb max_used=22971Kb free=223059Kb
 bounds [0x0000000002f30000, 0x0000000004600000, 0x0000000011f30000]
 total_blobs=7660 nmethods=6867 adapters=704
 compilation: enabled

Compilation events (10 events):
Event: 25.433 Thread 0x0000000017c31800 7637       1       org.gradle.api.internal.tasks.DefaultCacheableTaskOutputFilePropertySpec::getPropertyFiles (5 bytes)
Event: 25.433 Thread 0x0000000017c1b000 nmethod 7635 0x000000000328b610 code [0x000000000328b820, 0x000000000328c4e0]
Event: 25.433 Thread 0x0000000017c1b000 7636       4       java.util.LinkedList::peek (18 bytes)
Event: 25.433 Thread 0x0000000017c31800 nmethod 7637 0x00000000031f9910 code [0x00000000031f9a60, 0x00000000031f9b70]
Event: 25.433 Thread 0x0000000017c1b000 nmethod 7636 0x00000000032a7b90 code [0x00000000032a7cc0, 0x00000000032a7d38]
Event: 25.554 Thread 0x0000000017c1b000 7638   !   4       com.google.common.util.concurrent.ExecutionList::execute (86 bytes)
Event: 25.557 Thread 0x0000000017c1b000 nmethod 7638 0x00000000033a0590 code [0x00000000033a06e0, 0x00000000033a0938]
Event: 25.565 Thread 0x0000000017c1b000 7639       4       com.google.common.cache.LocalCache$LoadingValueReference::get (10 bytes)
Event: 25.566 Thread 0x0000000017c1b000 nmethod 7639 0x0000000003a9f690 code [0x0000000003a9f7e0, 0x0000000003a9f878]
Event: 25.566 Thread 0x0000000017c1b000 7640   !   4       com.google.common.cache.LocalCache$Segment::lockedGetOrLoad (433 bytes)

GC Heap History (10 events):
Event: 13.591 GC heap before
{Heap before GC invocations=11 (full 2):
 PSYoungGen      total 84480K, used 10748K [0x00000000e0000000, 0x00000000e7780000, 0x0000000100000000)
  eden space 73728K, 0% used [0x00000000e0000000,0x00000000e0000000,0x00000000e4800000)
  from space 10752K, 99% used [0x00000000e4800000,0x00000000e527f198,0x00000000e5280000)
  to   space 12288K, 0% used [0x00000000e6b80000,0x00000000e6b80000,0x00000000e7780000)
 ParOldGen       total 60928K, used 8750K [0x00000000a0000000, 0x00000000a3b80000, 0x00000000e0000000)
  object space 60928K, 14% used [0x00000000a0000000,0x00000000a088bbf8,0x00000000a3b80000)
 Metaspace       used 34777K, capacity 35476K, committed 35496K, reserved 1079296K
  class space    used 4909K, capacity 5118K, committed 5120K, reserved 1048576K
Event: 13.700 GC heap after
Heap after GC invocations=11 (full 2):
 PSYoungGen      total 84480K, used 0K [0x00000000e0000000, 0x00000000e7780000, 0x0000000100000000)
  eden space 73728K, 0% used [0x00000000e0000000,0x00000000e0000000,0x00000000e4800000)
  from space 10752K, 0% used [0x00000000e4800000,0x00000000e4800000,0x00000000e5280000)
  to   space 12288K, 0% used [0x00000000e6b80000,0x00000000e6b80000,0x00000000e7780000)
 ParOldGen       total 98304K, used 17800K [0x00000000a0000000, 0x00000000a6000000, 0x00000000e0000000)
  object space 98304K, 18% used [0x00000000a0000000,0x00000000a1162010,0x00000000a6000000)
 Metaspace       used 34777K, capacity 35476K, committed 35496K, reserved 1079296K
  class space    used 4909K, capacity 5118K, committed 5120K, reserved 1048576K
}
Event: 15.155 GC heap before
{Heap before GC invocations=12 (full 2):
 PSYoungGen      total 84480K, used 73728K [0x00000000e0000000, 0x00000000e7780000, 0x0000000100000000)
  eden space 73728K, 100% used [0x00000000e0000000,0x00000000e4800000,0x00000000e4800000)
  from space 10752K, 0% used [0x00000000e4800000,0x00000000e4800000,0x00000000e5280000)
  to   space 12288K, 0% used [0x00000000e6b80000,0x00000000e6b80000,0x00000000e7780000)
 ParOldGen       total 98304K, used 17800K [0x00000000a0000000, 0x00000000a6000000, 0x00000000e0000000)
  object space 98304K, 18% used [0x00000000a0000000,0x00000000a1162010,0x00000000a6000000)
 Metaspace       used 38958K, capacity 39742K, committed 40064K, reserved 1083392K
  class space    used 5422K, capacity 5684K, committed 5760K, reserved 1048576K
Event: 15.177 GC heap after
Heap after GC invocations=12 (full 2):
 PSYoungGen      total 100352K, used 7137K [0x00000000e0000000, 0x00000000e7280000, 0x0000000100000000)
  eden space 93184K, 0% used [0x00000000e0000000,0x00000000e0000000,0x00000000e5b00000)
  from space 7168K, 99% used [0x00000000e6b80000,0x00000000e72786e8,0x00000000e7280000)
  to   space 11776K, 0% used [0x00000000e5b80000,0x00000000e5b80000,0x00000000e6700000)
 ParOldGen       total 98304K, used 17808K [0x00000000a0000000, 0x00000000a6000000, 0x00000000e0000000)
  object space 98304K, 18% used [0x00000000a0000000,0x00000000a1164010,0x00000000a6000000)
 Metaspace       used 38958K, capacity 39742K, committed 40064K, reserved 1083392K
  class space    used 5422K, capacity 5684K, committed 5760K, reserved 1048576K
}
Event: 17.681 GC heap before
{Heap before GC invocations=13 (full 2):
 PSYoungGen      total 100352K, used 100321K [0x00000000e0000000, 0x00000000e7280000, 0x0000000100000000)
  eden space 93184K, 100% used [0x00000000e0000000,0x00000000e5b00000,0x00000000e5b00000)
  from space 7168K, 99% used [0x00000000e6b80000,0x00000000e72786e8,0x00000000e7280000)
  to   space 11776K, 0% used [0x00000000e5b80000,0x00000000e5b80000,0x00000000e6700000)
 ParOldGen       total 98304K, used 17808K [0x00000000a0000000, 0x00000000a6000000, 0x00000000e0000000)
  object space 98304K, 18% used [0x00000000a0000000,0x00000000a1164010,0x00000000a6000000)
 Metaspace       used 47052K, capacity 48066K, committed 48384K, reserved 1091584K
  class space    used 6546K, capacity 6865K, committed 6912K, reserved 1048576K
Event: 17.702 GC heap after
Heap after GC invocations=13 (full 2):
 PSYoungGen      total 105472K, used 11768K [0x00000000e0000000, 0x00000000e8d80000, 0x0000000100000000)
  eden space 93696K, 0% used [0x00000000e0000000,0x00000000e0000000,0x00000000e5b80000)
  from space 11776K, 99% used [0x00000000e5b80000,0x00000000e66fe178,0x00000000e6700000)
  to   space 14336K, 0% used [0x00000000e7f80000,0x00000000e7f80000,0x00000000e8d80000)
 ParOldGen       total 98304K, used 20686K [0x00000000a0000000, 0x00000000a6000000, 0x00000000e0000000)
  object space 98304K, 21% used [0x00000000a0000000,0x00000000a1433858,0x00000000a6000000)
 Metaspace       used 47052K, capacity 48066K, committed 48384K, reserved 1091584K
  class space    used 6546K, capacity 6865K, committed 6912K, reserved 1048576K
}
Event: 19.462 GC heap before
{Heap before GC invocations=14 (full 2):
 PSYoungGen      total 105472K, used 105464K [0x00000000e0000000, 0x00000000e8d80000, 0x0000000100000000)
  eden space 93696K, 100% used [0x00000000e0000000,0x00000000e5b80000,0x00000000e5b80000)
  from space 11776K, 99% used [0x00000000e5b80000,0x00000000e66fe178,0x00000000e6700000)
  to   space 14336K, 0% used [0x00000000e7f80000,0x00000000e7f80000,0x00000000e8d80000)
 ParOldGen       total 98304K, used 20686K [0x00000000a0000000, 0x00000000a6000000, 0x00000000e0000000)
  object space 98304K, 21% used [0x00000000a0000000,0x00000000a1433858,0x00000000a6000000)
 Metaspace       used 52378K, capacity 54136K, committed 54400K, reserved 1095680K
  class space    used 7351K, capacity 7778K, committed 7808K, reserved 1048576K
Event: 19.494 GC heap after
Heap after GC invocations=14 (full 2):
 PSYoungGen      total 127488K, used 14304K [0x00000000e0000000, 0x00000000e9600000, 0x0000000100000000)
  eden space 113152K, 0% used [0x00000000e0000000,0x00000000e0000000,0x00000000e6e80000)
  from space 14336K, 99% used [0x00000000e7f80000,0x00000000e8d781a0,0x00000000e8d80000)
  to   space 17408K, 0% used [0x00000000e6e80000,0x00000000e6e80000,0x00000000e7f80000)
 ParOldGen       total 98304K, used 24121K [0x00000000a0000000, 0x00000000a6000000, 0x00000000e0000000)
  object space 98304K, 24% used [0x00000000a0000000,0x00000000a178e680,0x00000000a6000000)
 Metaspace       used 52378K, capacity 54136K, committed 54400K, reserved 1095680K
  class space    used 7351K, capacity 7778K, committed 7808K, reserved 1048576K
}
Event: 23.914 GC heap before
{Heap before GC invocations=15 (full 2):
 PSYoungGen      total 127488K, used 127456K [0x00000000e0000000, 0x00000000e9600000, 0x0000000100000000)
  eden space 113152K, 100% used [0x00000000e0000000,0x00000000e6e80000,0x00000000e6e80000)
  from space 14336K, 99% used [0x00000000e7f80000,0x00000000e8d781a0,0x00000000e8d80000)
  to   space 17408K, 0% used [0x00000000e6e80000,0x00000000e6e80000,0x00000000e7f80000)
 ParOldGen       total 98304K, used 24121K [0x00000000a0000000, 0x00000000a6000000, 0x00000000e0000000)
  object space 98304K, 24% used [0x00000000a0000000,0x00000000a178e680,0x00000000a6000000)
 Metaspace       used 56659K, capacity 58702K, committed 58880K, reserved 1099776K
  class space    used 7897K, capacity 8396K, committed 8448K, reserved 1048576K
Event: 23.948 GC heap after
Heap after GC invocations=15 (full 2):
 PSYoungGen      total 130560K, used 17377K [0x00000000e0000000, 0x00000000eb680000, 0x0000000100000000)
  eden space 113152K, 0% used [0x00000000e0000000,0x00000000e0000000,0x00000000e6e80000)
  from space 17408K, 99% used [0x00000000e6e80000,0x00000000e7f784e0,0x00000000e7f80000)
  to   space 22528K, 0% used [0x00000000ea080000,0x00000000ea080000,0x00000000eb680000)
 ParOldGen       total 98304K, used 32645K [0x00000000a0000000, 0x00000000a6000000, 0x00000000e0000000)
  object space 98304K, 33% used [0x00000000a0000000,0x00000000a1fe1600,0x00000000a6000000)
 Metaspace       used 56659K, capacity 58702K, committed 58880K, reserved 1099776K
  class space    used 7897K, capacity 8396K, committed 8448K, reserved 1048576K
}

Deoptimization events (10 events):
Event: 24.052 Thread 0x0000000017c37800 Uncommon trap: reason=bimorphic action=maybe_recompile pc=0x000000000456cb24 method=java.util.HashMap.removeNode(ILjava/lang/Object;Ljava/lang/Object;ZZ)Ljava/util/HashMap$Node; @ 68
Event: 24.293 Thread 0x000000001f374000 Uncommon trap: reason=class_check action=maybe_recompile pc=0x0000000003275144 method=java.io.ObjectOutputStream$BlockDataOutputStream.drain()V @ 36
Event: 24.298 Thread 0x000000001f374000 Uncommon trap: reason=class_check action=maybe_recompile pc=0x0000000004521c40 method=java.io.ObjectOutputStream$BlockDataOutputStream.drain()V @ 36
Event: 24.299 Thread 0x000000001f374000 Uncommon trap: reason=class_check action=maybe_recompile pc=0x0000000004521c40 method=java.io.ObjectOutputStream$BlockDataOutputStream.drain()V @ 36
Event: 24.299 Thread 0x000000001f374000 Uncommon trap: reason=class_check action=maybe_recompile pc=0x000000000455b930 method=java.io.ObjectOutputStream$BlockDataOutputStream.drain()V @ 36
Event: 24.300 Thread 0x000000001f374000 Uncommon trap: reason=class_check action=maybe_recompile pc=0x0000000004521c40 method=java.io.ObjectOutputStream$BlockDataOutputStream.drain()V @ 36
Event: 24.300 Thread 0x000000001f374000 Uncommon trap: reason=class_check action=maybe_recompile pc=0x0000000003275144 method=java.io.ObjectOutputStream$BlockDataOutputStream.drain()V @ 36
Event: 24.545 Thread 0x000000001f374800 Uncommon trap: reason=null_assert action=make_not_entrant pc=0x00000000045569b8 method=com.google.common.cache.LocalCache.processPendingNotifications()V @ 9
Event: 25.348 Thread 0x000000001f374800 Uncommon trap: reason=unstable_if action=reinterpret pc=0x0000000003beafd0 method=com.google.common.cache.LocalCache$Segment.getEntry(Ljava/lang/Object;I)Lcom/google/common/cache/LocalCache$ReferenceEntry; @ 56
Event: 25.358 Thread 0x000000001f374800 Uncommon trap: reason=unstable_if action=reinterpret pc=0x00000000034ce600 method=com.google.common.cache.LocalCache$Segment.getEntry(Ljava/lang/Object;I)Lcom/google/common/cache/LocalCache$ReferenceEntry; @ 56

Classes redefined (0 events):
No events

Internal exceptions (10 events):
Event: 20.793 Thread 0x0000000017c37800 Exception <a 'java/lang/ClassNotFoundException': org/gradle/platform/base/BinaryContainer_ImplCustomizer> (0x00000000e22dc338) thrown at [C:\re\workspace\8-2-build-windows-amd64-cygwin\jdk8u191\11896\hotspot\src\share\vm\classfile\systemDictionary.cpp, li
Event: 21.272 Thread 0x0000000017c37800 Exception <a 'java/lang/NoSuchMethodError': <clinit>> (0x00000000e2f63188) thrown at [C:\re\workspace\8-2-build-windows-amd64-cygwin\jdk8u191\11896\hotspot\src\share\vm\prims\jni.cpp, line 1613]
Event: 21.273 Thread 0x0000000017c37800 Exception <a 'java/lang/NoSuchMethodError': <clinit>> (0x00000000e2f71da0) thrown at [C:\re\workspace\8-2-build-windows-amd64-cygwin\jdk8u191\11896\hotspot\src\share\vm\prims\jni.cpp, line 1613]
Event: 21.328 Thread 0x0000000017c37800 Exception <a 'java/lang/NoSuchMethodError': <clinit>> (0x00000000e325a628) thrown at [C:\re\workspace\8-2-build-windows-amd64-cygwin\jdk8u191\11896\hotspot\src\share\vm\prims\jni.cpp, line 1613]
Event: 21.329 Thread 0x0000000017c37800 Exception <a 'java/lang/NoSuchMethodError': <clinit>> (0x00000000e32768b8) thrown at [C:\re\workspace\8-2-build-windows-amd64-cygwin\jdk8u191\11896\hotspot\src\share\vm\prims\jni.cpp, line 1613]
Event: 21.329 Thread 0x0000000017c37800 Exception <a 'java/lang/NoSuchMethodError': <clinit>> (0x00000000e3278720) thrown at [C:\re\workspace\8-2-build-windows-amd64-cygwin\jdk8u191\11896\hotspot\src\share\vm\prims\jni.cpp, line 1613]
Event: 21.440 Thread 0x0000000017c37800 Implicit null exception at 0x000000000350cea2 to 0x000000000350d3e1
Event: 24.177 Thread 0x000000001f374000 Exception <a 'java/lang/NoSuchMethodError': <clinit>> (0x00000000e0992020) thrown at [C:\re\workspace\8-2-build-windows-amd64-cygwin\jdk8u191\11896\hotspot\src\share\vm\prims\jni.cpp, line 1613]
Event: 24.295 Thread 0x000000001f374000 Exception <a 'java/lang/NoSuchMethodError': <clinit>> (0x00000000e0d17b58) thrown at [C:\re\workspace\8-2-build-windows-amd64-cygwin\jdk8u191\11896\hotspot\src\share\vm\prims\jni.cpp, line 1613]
Event: 24.298 Thread 0x000000001f374000 Exception <a 'java/lang/NoSuchMethodError': <clinit>> (0x00000000e0d218f8) thrown at [C:\re\workspace\8-2-build-windows-amd64-cygwin\jdk8u191\11896\hotspot\src\share\vm\prims\jni.cpp, line 1613]

Events (10 events):
Event: 24.546 loading class org/gradle/cache/internal/DefaultMultiProcessSafePersistentIndexedCache$2
Event: 24.546 loading class org/gradle/cache/internal/DefaultMultiProcessSafePersistentIndexedCache$2 done
Event: 24.547 loading class org/gradle/cache/internal/btree/BTreePersistentIndexedCache$DataBlockUpdateResult
Event: 24.547 loading class org/gradle/cache/internal/btree/BTreePersistentIndexedCache$DataBlockUpdateResult done
Event: 25.348 Thread 0x000000001f374800 Uncommon trap: trap_request=0xffffff65 fr.pc=0x0000000003beafd0
Event: 25.348 Thread 0x000000001f374800 DEOPT PACKING pc=0x0000000003beafd0 sp=0x000000002235d490
Event: 25.348 Thread 0x000000001f374800 DEOPT UNPACKING pc=0x0000000002f7583b sp=0x000000002235d3a8 mode 2
Event: 25.358 Thread 0x000000001f374800 Uncommon trap: trap_request=0xffffff65 fr.pc=0x00000000034ce600
Event: 25.358 Thread 0x000000001f374800 DEOPT PACKING pc=0x00000000034ce600 sp=0x000000002235d330
Event: 25.358 Thread 0x000000001f374800 DEOPT UNPACKING pc=0x0000000002f7583b sp=0x000000002235d2e0 mode 2


Dynamic libraries:
0x00007ff7a6190000 - 0x00007ff7a61c7000 	C:\Program Files\Java\jdk1.8.0_191\bin\java.exe
0x00007ffbb9cb0000 - 0x00007ffbb9e91000 	C:\WINDOWS\SYSTEM32\ntdll.dll
0x00007ffbb7660000 - 0x00007ffbb7711000 	C:\WINDOWS\System32\KERNEL32.DLL
0x00007ffbb6a80000 - 0x00007ffbb6cf3000 	C:\WINDOWS\System32\KERNELBASE.dll
0x00007ffbb7880000 - 0x00007ffbb7921000 	C:\WINDOWS\System32\ADVAPI32.dll
0x00007ffbb7c90000 - 0x00007ffbb7d2e000 	C:\WINDOWS\System32\msvcrt.dll
0x00007ffbb7d30000 - 0x00007ffbb7d8b000 	C:\WINDOWS\System32\sechost.dll
0x00007ffbb7930000 - 0x00007ffbb7a54000 	C:\WINDOWS\System32\RPCRT4.dll
0x00007ffbb9af0000 - 0x00007ffbb9c80000 	C:\WINDOWS\System32\USER32.dll
0x00007ffbb6fd0000 - 0x00007ffbb6ff0000 	C:\WINDOWS\System32\win32u.dll
0x00007ffbb75d0000 - 0x00007ffbb75f8000 	C:\WINDOWS\System32\GDI32.dll
0x00007ffbb6840000 - 0x00007ffbb69d2000 	C:\WINDOWS\System32\gdi32full.dll
0x00007ffbb69e0000 - 0x00007ffbb6a7f000 	C:\WINDOWS\System32\msvcp_win.dll
0x00007ffbb7040000 - 0x00007ffbb7138000 	C:\WINDOWS\System32\ucrtbase.dll
0x00007ffba7800000 - 0x00007ffba7a69000 	C:\WINDOWS\WinSxS\amd64_microsoft.windows.common-controls_6595b64144ccf1df_6.0.17134.765_none_fb42a1a930655896\COMCTL32.dll
0x00007ffbb7140000 - 0x00007ffbb7462000 	C:\WINDOWS\System32\combase.dll
0x00007ffbb6d00000 - 0x00007ffbb6d7a000 	C:\WINDOWS\System32\bcryptPrimitives.dll
0x00007ffbb9400000 - 0x00007ffbb942d000 	C:\WINDOWS\System32\IMM32.DLL
0x0000000067490000 - 0x0000000067562000 	C:\Program Files\Java\jdk1.8.0_191\jre\bin\msvcr100.dll
0x0000000066be0000 - 0x0000000067484000 	C:\Program Files\Java\jdk1.8.0_191\jre\bin\server\jvm.dll
0x00007ffbb9390000 - 0x00007ffbb9398000 	C:\WINDOWS\System32\PSAPI.DLL
0x00007ffbb27b0000 - 0x00007ffbb27d3000 	C:\WINDOWS\SYSTEM32\WINMM.dll
0x00007ffbb2630000 - 0x00007ffbb265a000 	C:\WINDOWS\SYSTEM32\WINMMBASE.dll
0x00007ffbb6ff0000 - 0x00007ffbb7039000 	C:\WINDOWS\System32\cfgmgr32.dll
0x00007ffba9760000 - 0x00007ffba976a000 	C:\WINDOWS\SYSTEM32\VERSION.dll
0x00007ffbb1a60000 - 0x00007ffbb1a69000 	C:\WINDOWS\SYSTEM32\WSOCK32.dll
0x00007ffbb77b0000 - 0x00007ffbb781c000 	C:\WINDOWS\System32\WS2_32.dll
0x0000000066bd0000 - 0x0000000066bdf000 	C:\Program Files\Java\jdk1.8.0_191\jre\bin\verify.dll
0x0000000066ba0000 - 0x0000000066bc9000 	C:\Program Files\Java\jdk1.8.0_191\jre\bin\java.dll
0x0000000066b80000 - 0x0000000066b96000 	C:\Program Files\Java\jdk1.8.0_191\jre\bin\zip.dll
0x00007ffbb7f50000 - 0x00007ffbb9390000 	C:\WINDOWS\System32\SHELL32.dll
0x00007ffbb98a0000 - 0x00007ffbb9949000 	C:\WINDOWS\System32\shcore.dll
0x00007ffbb6080000 - 0x00007ffbb678d000 	C:\WINDOWS\System32\windows.storage.dll
0x00007ffbb7820000 - 0x00007ffbb7871000 	C:\WINDOWS\System32\shlwapi.dll
0x00007ffbb5ff0000 - 0x00007ffbb6001000 	C:\WINDOWS\System32\kernel.appcore.dll
0x00007ffbb5fd0000 - 0x00007ffbb5fef000 	C:\WINDOWS\System32\profapi.dll
0x00007ffbb6030000 - 0x00007ffbb607c000 	C:\WINDOWS\System32\powrprof.dll
0x00007ffbb5fc0000 - 0x00007ffbb5fca000 	C:\WINDOWS\System32\FLTLIB.DLL
0x0000000066b60000 - 0x0000000066b7a000 	C:\Program Files\Java\jdk1.8.0_191\jre\bin\net.dll
0x00007ffbb5840000 - 0x00007ffbb58a6000 	C:\WINDOWS\system32\mswsock.dll
0x0000000066b40000 - 0x0000000066b51000 	C:\Program Files\Java\jdk1.8.0_191\jre\bin\nio.dll
0x00007ffbb29a0000 - 0x00007ffbb29be000 	C:\Users\Admin\.gradle\native\25\windows-amd64\native-platform.dll
0x0000000066b30000 - 0x0000000066b3d000 	C:\Program Files\Java\jdk1.8.0_191\jre\bin\management.dll
0x00007ffbb5a00000 - 0x00007ffbb5a17000 	C:\WINDOWS\SYSTEM32\CRYPTSP.dll
0x00007ffbb5420000 - 0x00007ffbb5453000 	C:\WINDOWS\system32\rsaenh.dll
0x00007ffbb5b20000 - 0x00007ffbb5b45000 	C:\WINDOWS\SYSTEM32\bcrypt.dll
0x00007ffbb5ef0000 - 0x00007ffbb5f18000 	C:\WINDOWS\SYSTEM32\USERENV.dll
0x00007ffbb59f0000 - 0x00007ffbb59fb000 	C:\WINDOWS\SYSTEM32\CRYPTBASE.dll
0x00007ffbb55c0000 - 0x00007ffbb55f8000 	C:\WINDOWS\SYSTEM32\IPHLPAPI.DLL
0x00007ffbb77a0000 - 0x00007ffbb77a8000 	C:\WINDOWS\System32\NSI.dll
0x00007ffbab6b0000 - 0x00007ffbab6c6000 	C:\WINDOWS\SYSTEM32\dhcpcsvc6.DLL
0x00007ffbab950000 - 0x00007ffbab96a000 	C:\WINDOWS\SYSTEM32\dhcpcsvc.DLL

VM Arguments:
jvm_args: -Xmx1536m -Dfile.encoding=x-windows-949 -Duser.country=KR -Duser.language=ko -Duser.variant 
java_command: org.gradle.launcher.daemon.bootstrap.GradleDaemon 4.4
java_class_path (initial): C:\Users\Admin\.gradle\wrapper\dists\gradle-4.4-bin\bgaq7vklkazwgxox0hdadxbvi\gradle-4.4\lib\gradle-launcher-4.4.jar
Launcher Type: SUN_STANDARD

Environment Variables:
PATH=C:\Program Files (x86)\Common Files\Oracle\Java\javapath;C:\WINDOWS\system32;C:\WINDOWS;C:\WINDOWS\System32\Wbem;C:\WINDOWS\System32\WindowsPowerShell\v1.0\;C:\WINDOWS\System32\OpenSSH\;C:\Program Files\Git\cmd;C:\Users\Admin\AppData\Local\Programs\Python\Python36\Scripts\;C:\Users\Admin\AppData\Local\Programs\Python\Python36\;C:\Users\Admin\AppData\Local\Microsoft\WindowsApps;C:\Program Files\JetBrains\IntelliJ IDEA 2018.3.5\bin;C:\Users\Admin\AppData\Local\atom\bin;C:\Program Files (x86)\ESTsoft\ALSee\x64
USERNAME=Admin
OS=Windows_NT
PROCESSOR_IDENTIFIER=Intel64 Family 6 Model 78 Stepping 3, GenuineIntel



---------------  S Y S T E M  ---------------

OS: Windows 10.0 , 64 bit Build 17134 (10.0.17134.753)

CPU:total 4 (initial active 4) (2 cores per cpu, 2 threads per core) family 6 model 78 stepping 3, cmov, cx8, fxsr, mmx, sse, sse2, sse3, ssse3, sse4.1, sse4.2, popcnt, avx, avx2, aes, clmul, erms, 3dnowpref, lzcnt, ht, tsc, tscinvbit, bmi1, bmi2, adx

Memory: 4k page, physical 8177652k(1818856k free), swap 20685936k(8604k free)

vm_info: Java HotSpot(TM) 64-Bit Server VM (25.191-b12) for windows-amd64 JRE (1.8.0_191-b12), built on Oct  6 2018 09:29:03 by "java_re" with MS VC++ 10.0 (VS2010)

time: Thu Jun 13 20:43:39 2019
elapsed time: 25 seconds (0d 0h 0m 25s)

