#
# There is insufficient memory for the Java Runtime Environment to continue.
# Native memory allocation (malloc) failed to allocate 552816 bytes for Chunk::new
# Possible reasons:
#   The system is out of physical RAM or swap space
#   In 32 bit mode, the process size limit was hit
# Possible solutions:
#   Reduce memory load on the system
#   Increase physical memory or swap space
#   Check if swap backing store is full
#   Use 64 bit Java on a 64 bit OS
#   Decrease Java heap size (-Xmx/-Xms)
#   Decrease number of Java threads
#   Decrease Java thread stack sizes (-Xss)
#   Set larger code cache with -XX:ReservedCodeCacheSize=
# This output file may be truncated or incomplete.
#
#  Out of Memory Error (allocation.cpp:390), pid=23512, tid=0x0000000000004be8
#
# JRE version: Java(TM) SE Runtime Environment (8.0_191-b12) (build 1.8.0_191-b12)
# Java VM: Java HotSpot(TM) 64-Bit Server VM (25.191-b12 mixed mode windows-amd64 compressed oops)
# Failed to write core dump. Minidumps are not enabled by default on client versions of Windows
#

---------------  T H R E A D  ---------------

Current thread (0x00000000160bb000):  JavaThread "C2 CompilerThread0" daemon [_thread_in_native, id=19432, stack(0x0000000017b50000,0x0000000017c50000)]

Stack: [0x0000000017b50000,0x0000000017c50000]
[error occurred during error reporting (printing stack bounds), id 0xc0000005]

Native frames: (J=compiled Java code, j=interpreted, Vv=VM code, C=native code)


Current CompileTask:
C2:  14948 3759       4       java.lang.reflect.Method::toString (20 bytes)


---------------  P R O C E S S  ---------------

Java Threads: ( => current thread )
  0x000000001d5df000 JavaThread "Memory manager" [_thread_blocked, id=13172, stack(0x0000000020430000,0x0000000020530000)]
  0x000000001d5e0800 JavaThread "build operations Thread 4" [_thread_blocked, id=22256, stack(0x000000001fd30000,0x000000001fe30000)]
  0x000000001d5de000 JavaThread "build operations Thread 3" [_thread_blocked, id=8280, stack(0x000000001fc30000,0x000000001fd30000)]
  0x00000000190fd000 JavaThread "build operations Thread 2" [_thread_blocked, id=2568, stack(0x000000001fb30000,0x000000001fc30000)]
  0x00000000190fb800 JavaThread "build operations" [_thread_blocked, id=16424, stack(0x000000001fa30000,0x000000001fb30000)]
  0x00000000190f9000 JavaThread "Cache worker for Artifact transforms cache (C:\Users\Admin\.gradle\caches\transforms-1)" [_thread_blocked, id=18548, stack(0x000000001ccc0000,0x000000001cdc0000)]
  0x00000000190fa800 JavaThread "Cache worker for file hash cache (C:\Users\Admin\Desktop\Capstone\.gradle\4.4\fileHashes)" [_thread_blocked, id=17396, stack(0x000000001b9f0000,0x000000001baf0000)]
  0x0000000019100000 JavaThread "File lock request listener" [_thread_in_native, id=2212, stack(0x000000001a920000,0x000000001aa20000)]
  0x00000000190fd800 JavaThread "Cache worker for file hash cache (C:\Users\Admin\.gradle\caches\4.4\fileHashes)" [_thread_blocked, id=21056, stack(0x000000001a820000,0x000000001a920000)]
  0x000000001781e800 JavaThread "Stdin handler" [_thread_blocked, id=22220, stack(0x000000001a520000,0x000000001a620000)]
  0x000000001823d000 JavaThread "Asynchronous log dispatcher for DefaultDaemonConnection: socket connection from /127.0.0.1:53399 to /127.0.0.1:53400" [_thread_blocked, id=13084, stack(0x000000001a420000,0x000000001a520000)]
  0x00000000181b7800 JavaThread "Daemon worker" [_thread_in_vm, id=17496, stack(0x000000001a320000,0x000000001a420000)]
  0x0000000017851800 JavaThread "Cancel handler" [_thread_blocked, id=1272, stack(0x000000001a220000,0x000000001a320000)]
  0x000000001813b000 JavaThread "Handler for socket connection from /127.0.0.1:53399 to /127.0.0.1:53400" [_thread_in_native, id=7916, stack(0x0000000019f20000,0x000000001a020000)]
  0x00000000180aa000 JavaThread "Daemon" [_thread_blocked, id=20108, stack(0x0000000019e20000,0x0000000019f20000)]
  0x000000001902a800 JavaThread "Daemon periodic checks" [_thread_blocked, id=656, stack(0x0000000019d20000,0x0000000019e20000)]
  0x0000000019028800 JavaThread "Incoming local TCP Connector on port 53399" [_thread_in_native, id=22816, stack(0x0000000019b40000,0x0000000019c40000)]
  0x0000000019068800 JavaThread "Daemon health stats" [_thread_blocked, id=23196, stack(0x0000000019a20000,0x0000000019b20000)]
  0x00000000175e0800 JavaThread "Service Thread" daemon [_thread_blocked, id=23400, stack(0x0000000017e50000,0x0000000017f50000)]
  0x000000001756a000 JavaThread "C1 CompilerThread2" daemon [_thread_in_native, id=16148, stack(0x0000000017d50000,0x0000000017e50000)]
  0x0000000017559000 JavaThread "C2 CompilerThread1" daemon [_thread_in_native, id=21476, stack(0x0000000017c50000,0x0000000017d50000)]
=>0x00000000160bb000 JavaThread "C2 CompilerThread0" daemon [_thread_in_native, id=19432, stack(0x0000000017b50000,0x0000000017c50000)]
  0x000000001606e800 JavaThread "Attach Listener" daemon [_thread_blocked, id=20672, stack(0x0000000017a50000,0x0000000017b50000)]
  0x0000000017558800 JavaThread "Signal Dispatcher" daemon [_thread_blocked, id=17084, stack(0x0000000017950000,0x0000000017a50000)]
  0x00000000026eb800 JavaThread "Finalizer" daemon [_thread_blocked, id=5828, stack(0x00000000172b0000,0x00000000173b0000)]
  0x00000000026e1000 JavaThread "Reference Handler" daemon [_thread_blocked, id=11296, stack(0x00000000171b0000,0x00000000172b0000)]
  0x000000000227e000 JavaThread "main" [_thread_blocked, id=16380, stack(0x0000000002160000,0x0000000002260000)]

Other Threads:
  0x0000000016028000 VMThread [stack: 0x00000000170b0000,0x00000000171b0000] [id=17604]
  0x000000001760a000 WatcherThread [stack: 0x0000000017f50000,0x0000000018050000] [id=18308]

VM state:not at safepoint (normal execution)

VM Mutex/Monitor currently owned by a thread: None

Heap:
 PSYoungGen      total 106496K, used 41186K [0x00000000e0000000, 0x00000000e7780000, 0x0000000100000000)
  eden space 95744K, 43% used [0x00000000e0000000,0x00000000e2838be0,0x00000000e5d80000)
  from space 10752K, 0% used [0x00000000e6900000,0x00000000e6900000,0x00000000e7380000)
  to   space 11776K, 0% used [0x00000000e5d80000,0x00000000e5d80000,0x00000000e6900000)
 ParOldGen       total 60416K, used 18086K [0x00000000a0000000, 0x00000000a3b00000, 0x00000000e0000000)
  object space 60416K, 29% used [0x00000000a0000000,0x00000000a11a9a58,0x00000000a3b00000)
 Metaspace       used 37118K, capacity 37898K, committed 38016K, reserved 1081344K
  class space    used 5196K, capacity 5456K, committed 5504K, reserved 1048576K

Card table byte_map: [0x0000000011ab0000,0x0000000011dc0000] byte_map_base: 0x00000000115b0000

Marking Bits: (ParMarkBitMap*) 0x0000000067403e30
 Begin Bits: [0x00000000123c0000, 0x0000000013bc0000)
 End Bits:   [0x0000000013bc0000, 0x00000000153c0000)

Polling page: 0x0000000000990000

CodeCache: size=245760Kb used=12035Kb max_used=12035Kb free=233724Kb
 bounds [0x00000000026f0000, 0x00000000032c0000, 0x00000000116f0000]
 total_blobs=4198 nmethods=3490 adapters=619
 compilation: enabled

Compilation events (10 events):
Event: 14.923 Thread 0x000000001756a000 3822       3       com.google.common.collect.ImmutableAsList::size (8 bytes)
Event: 14.923 Thread 0x000000001756a000 nmethod 3822 0x00000000032afd50 code [0x00000000032afec0, 0x00000000032b0198]
Event: 14.925 Thread 0x000000001756a000 3823       3       java.util.AbstractMap::putAll (52 bytes)
Event: 14.926 Thread 0x000000001756a000 nmethod 3823 0x00000000032b0290 code [0x00000000032b0480, 0x00000000032b0cc8]
Event: 14.926 Thread 0x000000001756a000 3824       3       com.google.common.collect.ImmutableMapKeySet::iterator (5 bytes)
Event: 14.926 Thread 0x000000001756a000 nmethod 3824 0x00000000032b0f50 code [0x00000000032b1120, 0x00000000032b19e8]
Event: 14.926 Thread 0x000000001756a000 3825       3       com.google.common.collect.ImmutableMapKeySet::iterator (8 bytes)
Event: 14.927 Thread 0x000000001756a000 nmethod 3825 0x00000000032b1f90 code [0x00000000032b2160, 0x00000000032b2968]
Event: 14.935 Thread 0x000000001756a000 3826  s    2       sun.misc.URLClassPath::getNextLoader (88 bytes)
Event: 14.935 Thread 0x000000001756a000 nmethod 3826 0x00000000032b2e50 code [0x00000000032b3000, 0x00000000032b35a8]

GC Heap History (10 events):
Event: 7.353 GC heap before
{Heap before GC invocations=6 (full 1):
 PSYoungGen      total 70656K, used 5097K [0x00000000e0000000, 0x00000000e4a00000, 0x0000000100000000)
  eden space 65536K, 0% used [0x00000000e0000000,0x00000000e0000000,0x00000000e4000000)
  from space 5120K, 99% used [0x00000000e4000000,0x00000000e44fa660,0x00000000e4500000)
  to   space 5120K, 0% used [0x00000000e4500000,0x00000000e4500000,0x00000000e4a00000)
 ParOldGen       total 86016K, used 8570K [0x00000000a0000000, 0x00000000a5400000, 0x00000000e0000000)
  object space 86016K, 9% used [0x00000000a0000000,0x00000000a085e9a8,0x00000000a5400000)
 Metaspace       used 20734K, capacity 21154K, committed 21296K, reserved 1067008K
  class space    used 2944K, capacity 3107K, committed 3200K, reserved 1048576K
Event: 7.433 GC heap after
Heap after GC invocations=6 (full 1):
 PSYoungGen      total 70656K, used 0K [0x00000000e0000000, 0x00000000e4a00000, 0x0000000100000000)
  eden space 65536K, 0% used [0x00000000e0000000,0x00000000e0000000,0x00000000e4000000)
  from space 5120K, 0% used [0x00000000e4000000,0x00000000e4000000,0x00000000e4500000)
  to   space 5120K, 0% used [0x00000000e4500000,0x00000000e4500000,0x00000000e4a00000)
 ParOldGen       total 60416K, used 8133K [0x00000000a0000000, 0x00000000a3b00000, 0x00000000e0000000)
  object space 60416K, 13% used [0x00000000a0000000,0x00000000a07f1550,0x00000000a3b00000)
 Metaspace       used 20734K, capacity 21154K, committed 21296K, reserved 1067008K
  class space    used 2944K, capacity 3107K, committed 3200K, reserved 1048576K
}
Event: 9.286 GC heap before
{Heap before GC invocations=7 (full 1):
 PSYoungGen      total 70656K, used 65536K [0x00000000e0000000, 0x00000000e4a00000, 0x0000000100000000)
  eden space 65536K, 100% used [0x00000000e0000000,0x00000000e4000000,0x00000000e4000000)
  from space 5120K, 0% used [0x00000000e4000000,0x00000000e4000000,0x00000000e4500000)
  to   space 5120K, 0% used [0x00000000e4500000,0x00000000e4500000,0x00000000e4a00000)
 ParOldGen       total 60416K, used 8133K [0x00000000a0000000, 0x00000000a3b00000, 0x00000000e0000000)
  object space 60416K, 13% used [0x00000000a0000000,0x00000000a07f1550,0x00000000a3b00000)
 Metaspace       used 26718K, capacity 27228K, committed 27520K, reserved 1073152K
  class space    used 3761K, capacity 3928K, committed 3968K, reserved 1048576K
Event: 9.298 GC heap after
Heap after GC invocations=7 (full 1):
 PSYoungGen      total 70656K, used 5089K [0x00000000e0000000, 0x00000000e4a00000, 0x0000000100000000)
  eden space 65536K, 0% used [0x00000000e0000000,0x00000000e0000000,0x00000000e4000000)
  from space 5120K, 99% used [0x00000000e4500000,0x00000000e49f87f0,0x00000000e4a00000)
  to   space 5120K, 0% used [0x00000000e4000000,0x00000000e4000000,0x00000000e4500000)
 ParOldGen       total 60416K, used 10650K [0x00000000a0000000, 0x00000000a3b00000, 0x00000000e0000000)
  object space 60416K, 17% used [0x00000000a0000000,0x00000000a0a66998,0x00000000a3b00000)
 Metaspace       used 26718K, capacity 27228K, committed 27520K, reserved 1073152K
  class space    used 3761K, capacity 3928K, committed 3968K, reserved 1048576K
}
Event: 12.571 GC heap before
{Heap before GC invocations=8 (full 1):
 PSYoungGen      total 70656K, used 70625K [0x00000000e0000000, 0x00000000e4a00000, 0x0000000100000000)
  eden space 65536K, 100% used [0x00000000e0000000,0x00000000e4000000,0x00000000e4000000)
  from space 5120K, 99% used [0x00000000e4500000,0x00000000e49f87f0,0x00000000e4a00000)
  to   space 5120K, 0% used [0x00000000e4000000,0x00000000e4000000,0x00000000e4500000)
 ParOldGen       total 60416K, used 10650K [0x00000000a0000000, 0x00000000a3b00000, 0x00000000e0000000)
  object space 60416K, 17% used [0x00000000a0000000,0x00000000a0a66998,0x00000000a3b00000)
 Metaspace       used 29873K, capacity 30410K, committed 30592K, reserved 1075200K
  class space    used 4258K, capacity 4454K, committed 4480K, reserved 1048576K
Event: 12.586 GC heap after
Heap after GC invocations=8 (full 1):
 PSYoungGen      total 70656K, used 5108K [0x00000000e0000000, 0x00000000e7380000, 0x0000000100000000)
  eden space 65536K, 0% used [0x00000000e0000000,0x00000000e0000000,0x00000000e4000000)
  from space 5120K, 99% used [0x00000000e4000000,0x00000000e44fd010,0x00000000e4500000)
  to   space 10752K, 0% used [0x00000000e6900000,0x00000000e6900000,0x00000000e7380000)
 ParOldGen       total 60416K, used 14866K [0x00000000a0000000, 0x00000000a3b00000, 0x00000000e0000000)
  object space 60416K, 24% used [0x00000000a0000000,0x00000000a0e84ac0,0x00000000a3b00000)
 Metaspace       used 29873K, capacity 30410K, committed 30592K, reserved 1075200K
  class space    used 4258K, capacity 4454K, committed 4480K, reserved 1048576K
}
Event: 14.053 GC heap before
{Heap before GC invocations=9 (full 1):
 PSYoungGen      total 70656K, used 44213K [0x00000000e0000000, 0x00000000e7380000, 0x0000000100000000)
  eden space 65536K, 59% used [0x00000000e0000000,0x00000000e26305f8,0x00000000e4000000)
  from space 5120K, 99% used [0x00000000e4000000,0x00000000e44fd010,0x00000000e4500000)
  to   space 10752K, 0% used [0x00000000e6900000,0x00000000e6900000,0x00000000e7380000)
 ParOldGen       total 60416K, used 14866K [0x00000000a0000000, 0x00000000a3b00000, 0x00000000e0000000)
  object space 60416K, 24% used [0x00000000a0000000,0x00000000a0e84ac0,0x00000000a3b00000)
 Metaspace       used 34724K, capacity 35476K, committed 35496K, reserved 1079296K
  class space    used 4908K, capacity 5118K, committed 5120K, reserved 1048576K
Event: 14.075 GC heap after
Heap after GC invocations=9 (full 1):
 PSYoungGen      total 106496K, used 10436K [0x00000000e0000000, 0x00000000e7780000, 0x0000000100000000)
  eden space 95744K, 0% used [0x00000000e0000000,0x00000000e0000000,0x00000000e5d80000)
  from space 10752K, 97% used [0x00000000e6900000,0x00000000e7331238,0x00000000e7380000)
  to   space 11776K, 0% used [0x00000000e5d80000,0x00000000e5d80000,0x00000000e6900000)
 ParOldGen       total 60416K, used 14874K [0x00000000a0000000, 0x00000000a3b00000, 0x00000000e0000000)
  object space 60416K, 24% used [0x00000000a0000000,0x00000000a0e86ac0,0x00000000a3b00000)
 Metaspace       used 34724K, capacity 35476K, committed 35496K, reserved 1079296K
  class space    used 4908K, capacity 5118K, committed 5120K, reserved 1048576K
}
Event: 14.075 GC heap before
{Heap before GC invocations=10 (full 2):
 PSYoungGen      total 106496K, used 10436K [0x00000000e0000000, 0x00000000e7780000, 0x0000000100000000)
  eden space 95744K, 0% used [0x00000000e0000000,0x00000000e0000000,0x00000000e5d80000)
  from space 10752K, 97% used [0x00000000e6900000,0x00000000e7331238,0x00000000e7380000)
  to   space 11776K, 0% used [0x00000000e5d80000,0x00000000e5d80000,0x00000000e6900000)
 ParOldGen       total 60416K, used 14874K [0x00000000a0000000, 0x00000000a3b00000, 0x00000000e0000000)
  object space 60416K, 24% used [0x00000000a0000000,0x00000000a0e86ac0,0x00000000a3b00000)
 Metaspace       used 34724K, capacity 35476K, committed 35496K, reserved 1079296K
  class space    used 4908K, capacity 5118K, committed 5120K, reserved 1048576K
Event: 14.230 GC heap after
Heap after GC invocations=10 (full 2):
 PSYoungGen      total 106496K, used 0K [0x00000000e0000000, 0x00000000e7780000, 0x0000000100000000)
  eden space 95744K, 0% used [0x00000000e0000000,0x00000000e0000000,0x00000000e5d80000)
  from space 10752K, 0% used [0x00000000e6900000,0x00000000e6900000,0x00000000e7380000)
  to   space 11776K, 0% used [0x00000000e5d80000,0x00000000e5d80000,0x00000000e6900000)
 ParOldGen       total 60416K, used 18086K [0x00000000a0000000, 0x00000000a3b00000, 0x00000000e0000000)
  object space 60416K, 29% used [0x00000000a0000000,0x00000000a11a9a58,0x00000000a3b00000)
 Metaspace       used 34724K, capacity 35476K, committed 35496K, reserved 1079296K
  class space    used 4908K, capacity 5118K, committed 5120K, reserved 1048576K
}

Deoptimization events (10 events):
Event: 13.505 Thread 0x00000000181b7800 Uncommon trap: reason=class_check action=maybe_recompile pc=0x0000000002eef494 method=java.io.BufferedInputStream.read1([BII)I @ 39
Event: 13.505 Thread 0x00000000181b7800 Uncommon trap: reason=class_check action=maybe_recompile pc=0x0000000002eef494 method=java.io.BufferedInputStream.read1([BII)I @ 39
Event: 13.692 Thread 0x00000000181b7800 Uncommon trap: reason=predicate action=maybe_recompile pc=0x0000000002c763b0 method=java.util.Arrays.binarySearch0([Ljava/lang/Object;IILjava/lang/Object;Ljava/util/Comparator;)I @ 28
Event: 14.445 Thread 0x00000000181b7800 Uncommon trap: reason=unstable_if action=reinterpret pc=0x00000000030f6920 method=java.util.concurrent.ConcurrentHashMap.get(Ljava/lang/Object;)Ljava/lang/Object; @ 76
Event: 14.532 Thread 0x00000000181b7800 Uncommon trap: reason=range_check action=make_not_entrant pc=0x00000000030dc680 method=java.lang.String.charAt(I)C @ 27
Event: 14.680 Thread 0x00000000181b7800 Uncommon trap: reason=unstable_if action=reinterpret pc=0x000000000301a16c method=java.util.HashMap.putVal(ILjava/lang/Object;Ljava/lang/Object;ZZ)Ljava/lang/Object; @ 162
Event: 14.681 Thread 0x00000000181b7800 Uncommon trap: reason=unstable_if action=reinterpret pc=0x0000000002f786e8 method=java.util.HashMap.putVal(ILjava/lang/Object;Ljava/lang/Object;ZZ)Ljava/lang/Object; @ 162
Event: 14.681 Thread 0x00000000181b7800 Uncommon trap: reason=unstable_if action=reinterpret pc=0x0000000002b7a8b0 method=java.util.HashMap.resize()[Ljava/util/HashMap$Node; @ 206
Event: 14.865 Thread 0x00000000181b7800 Uncommon trap: reason=unstable_if action=reinterpret pc=0x0000000003246dd8 method=java.lang.reflect.Modifier.toString(I)Ljava/lang/String; @ 123
Event: 14.865 Thread 0x00000000181b7800 Uncommon trap: reason=unstable_if action=reinterpret pc=0x000000000325f52c method=java.lang.reflect.Modifier.toString(I)Ljava/lang/String; @ 123

Classes redefined (0 events):
No events

Internal exceptions (10 events):
Event: 13.128 Thread 0x00000000181b7800 Exception <a 'java/lang/ClassNotFoundException': build_b12rokt3tskd138ejcvmit2s5Customizer> (0x00000000e0edf7e0) thrown at [C:\re\workspace\8-2-build-windows-amd64-cygwin\jdk8u191\11896\hotspot\src\share\vm\classfile\systemDictionary.cpp, line 210]
Event: 13.209 Thread 0x00000000181b7800 Exception <a 'java/lang/ClassNotFoundException': build_8glso14u4q3ade4fzutuck1hhBeanInfo> (0x00000000e0f87fb0) thrown at [C:\re\workspace\8-2-build-windows-amd64-cygwin\jdk8u191\11896\hotspot\src\share\vm\classfile\systemDictionary.cpp, line 210]
Event: 13.211 Thread 0x00000000181b7800 Exception <a 'java/lang/ClassNotFoundException': build_8glso14u4q3ade4fzutuck1hhCustomizer> (0x00000000e0f92478) thrown at [C:\re\workspace\8-2-build-windows-amd64-cygwin\jdk8u191\11896\hotspot\src\share\vm\classfile\systemDictionary.cpp, line 210]
Event: 13.301 Thread 0x00000000181b7800 Exception <a 'java/lang/ClassNotFoundException': build_67cuhidpjbi2c59bnax7ikq4dBeanInfo> (0x00000000e1037e68) thrown at [C:\re\workspace\8-2-build-windows-amd64-cygwin\jdk8u191\11896\hotspot\src\share\vm\classfile\systemDictionary.cpp, line 210]
Event: 13.301 Thread 0x00000000181b7800 Exception <a 'java/lang/ClassNotFoundException': build_67cuhidpjbi2c59bnax7ikq4dCustomizer> (0x00000000e1042330) thrown at [C:\re\workspace\8-2-build-windows-amd64-cygwin\jdk8u191\11896\hotspot\src\share\vm\classfile\systemDictionary.cpp, line 210]
Event: 13.367 Thread 0x00000000181b7800 Exception <a 'java/lang/ClassNotFoundException': build_8ewnmpzd5k06ueq5r2415hpz1BeanInfo> (0x00000000e10e82f0) thrown at [C:\re\workspace\8-2-build-windows-amd64-cygwin\jdk8u191\11896\hotspot\src\share\vm\classfile\systemDictionary.cpp, line 210]
Event: 13.368 Thread 0x00000000181b7800 Exception <a 'java/lang/ClassNotFoundException': build_8ewnmpzd5k06ueq5r2415hpz1Customizer> (0x00000000e10f27b8) thrown at [C:\re\workspace\8-2-build-windows-amd64-cygwin\jdk8u191\11896\hotspot\src\share\vm\classfile\systemDictionary.cpp, line 210]
Event: 13.376 Thread 0x00000000181b7800 Exception <a 'java/lang/ClassNotFoundException': org/gradle/api/internal/plugins/DefaultObjectConfigurationActionBeanInfo> (0x00000000e115b110) thrown at [C:\re\workspace\8-2-build-windows-amd64-cygwin\jdk8u191\11896\hotspot\src\share\vm\classfile\systemD
Event: 13.377 Thread 0x00000000181b7800 Exception <a 'java/lang/ClassNotFoundException': org/gradle/api/internal/plugins/DefaultObjectConfigurationActionCustomizer> (0x00000000e1191e50) thrown at [C:\re\workspace\8-2-build-windows-amd64-cygwin\jdk8u191\11896\hotspot\src\share\vm\classfile\syste
Event: 14.419 Thread 0x00000000181b7800 Exception <a 'sun/nio/fs/WindowsException'> (0x00000000e074c820) thrown at [C:\re\workspace\8-2-build-windows-amd64-cygwin\jdk8u191\11896\hotspot\src\share\vm\prims\jni.cpp, line 709]

Events (10 events):
Event: 14.928 Executing VM operation: Deoptimize
Event: 14.929 Executing VM operation: Deoptimize done
Event: 14.933 loading class org/apache/tools/ant/types/FilterSet$Filter
Event: 14.933 loading class org/apache/tools/ant/types/FilterSet$Filter done
Event: 14.934 loading class org/apache/tools/ant/types/FilterSet$OnMissing
Event: 14.934 loading class org/apache/tools/ant/types/FilterSet$OnMissing done
Event: 14.934 loading class org/apache/tools/ant/types/EnumeratedAttribute
Event: 14.934 loading class org/apache/tools/ant/types/EnumeratedAttribute done
Event: 14.936 loading class org/apache/tools/ant/types/PropertySet
Event: 14.936 loading class org/apache/tools/ant/types/PropertySet done


Dynamic libraries:
0x00007ff7a6190000 - 0x00007ff7a61c7000 	C:\Program Files\Java\jdk1.8.0_191\bin\java.exe
0x00007ffbb9cb0000 - 0x00007ffbb9e91000 	C:\WINDOWS\SYSTEM32\ntdll.dll
0x00007ffbb7660000 - 0x00007ffbb7711000 	C:\WINDOWS\System32\KERNEL32.DLL
0x00007ffbb6a80000 - 0x00007ffbb6cf3000 	C:\WINDOWS\System32\KERNELBASE.dll
0x00007ffbb7880000 - 0x00007ffbb7921000 	C:\WINDOWS\System32\ADVAPI32.dll
0x00007ffbb7c90000 - 0x00007ffbb7d2e000 	C:\WINDOWS\System32\msvcrt.dll
0x00007ffbb7d30000 - 0x00007ffbb7d8b000 	C:\WINDOWS\System32\sechost.dll
0x00007ffbb7930000 - 0x00007ffbb7a54000 	C:\WINDOWS\System32\RPCRT4.dll
0x00007ffbb9af0000 - 0x00007ffbb9c80000 	C:\WINDOWS\System32\USER32.dll
0x00007ffbb6fd0000 - 0x00007ffbb6ff0000 	C:\WINDOWS\System32\win32u.dll
0x00007ffbb75d0000 - 0x00007ffbb75f8000 	C:\WINDOWS\System32\GDI32.dll
0x00007ffbb6840000 - 0x00007ffbb69d2000 	C:\WINDOWS\System32\gdi32full.dll
0x00007ffbb69e0000 - 0x00007ffbb6a7f000 	C:\WINDOWS\System32\msvcp_win.dll
0x00007ffbb7040000 - 0x00007ffbb7138000 	C:\WINDOWS\System32\ucrtbase.dll
0x00007ffba7800000 - 0x00007ffba7a69000 	C:\WINDOWS\WinSxS\amd64_microsoft.windows.common-controls_6595b64144ccf1df_6.0.17134.765_none_fb42a1a930655896\COMCTL32.dll
0x00007ffbb7140000 - 0x00007ffbb7462000 	C:\WINDOWS\System32\combase.dll
0x00007ffbb6d00000 - 0x00007ffbb6d7a000 	C:\WINDOWS\System32\bcryptPrimitives.dll
0x00007ffbb9400000 - 0x00007ffbb942d000 	C:\WINDOWS\System32\IMM32.DLL
0x0000000067490000 - 0x0000000067562000 	C:\Program Files\Java\jdk1.8.0_191\jre\bin\msvcr100.dll
0x0000000066be0000 - 0x0000000067484000 	C:\Program Files\Java\jdk1.8.0_191\jre\bin\server\jvm.dll
0x00007ffbb9390000 - 0x00007ffbb9398000 	C:\WINDOWS\System32\PSAPI.DLL
0x00007ffbb1a60000 - 0x00007ffbb1a69000 	C:\WINDOWS\SYSTEM32\WSOCK32.dll
0x00007ffbb77b0000 - 0x00007ffbb781c000 	C:\WINDOWS\System32\WS2_32.dll
0x00007ffbb27b0000 - 0x00007ffbb27d3000 	C:\WINDOWS\SYSTEM32\WINMM.dll
0x00007ffba9760000 - 0x00007ffba976a000 	C:\WINDOWS\SYSTEM32\VERSION.dll
0x00007ffbb2630000 - 0x00007ffbb265a000 	C:\WINDOWS\SYSTEM32\WINMMBASE.dll
0x00007ffbb6ff0000 - 0x00007ffbb7039000 	C:\WINDOWS\System32\cfgmgr32.dll
0x0000000066bd0000 - 0x0000000066bdf000 	C:\Program Files\Java\jdk1.8.0_191\jre\bin\verify.dll
0x0000000066ba0000 - 0x0000000066bc9000 	C:\Program Files\Java\jdk1.8.0_191\jre\bin\java.dll
0x0000000066b80000 - 0x0000000066b96000 	C:\Program Files\Java\jdk1.8.0_191\jre\bin\zip.dll
0x00007ffbb7f50000 - 0x00007ffbb9390000 	C:\WINDOWS\System32\SHELL32.dll
0x00007ffbb98a0000 - 0x00007ffbb9949000 	C:\WINDOWS\System32\shcore.dll
0x00007ffbb6080000 - 0x00007ffbb678d000 	C:\WINDOWS\System32\windows.storage.dll
0x00007ffbb7820000 - 0x00007ffbb7871000 	C:\WINDOWS\System32\shlwapi.dll
0x00007ffbb5ff0000 - 0x00007ffbb6001000 	C:\WINDOWS\System32\kernel.appcore.dll
0x00007ffbb5fd0000 - 0x00007ffbb5fef000 	C:\WINDOWS\System32\profapi.dll
0x00007ffbb6030000 - 0x00007ffbb607c000 	C:\WINDOWS\System32\powrprof.dll
0x00007ffbb5fc0000 - 0x00007ffbb5fca000 	C:\WINDOWS\System32\FLTLIB.DLL
0x0000000066b60000 - 0x0000000066b7a000 	C:\Program Files\Java\jdk1.8.0_191\jre\bin\net.dll
0x00007ffbb5840000 - 0x00007ffbb58a6000 	C:\WINDOWS\system32\mswsock.dll
0x0000000066b40000 - 0x0000000066b51000 	C:\Program Files\Java\jdk1.8.0_191\jre\bin\nio.dll
0x00007ffbb29a0000 - 0x00007ffbb29be000 	C:\Users\Admin\.gradle\native\25\windows-amd64\native-platform.dll
0x0000000066b30000 - 0x0000000066b3d000 	C:\Program Files\Java\jdk1.8.0_191\jre\bin\management.dll
0x00007ffbb5a00000 - 0x00007ffbb5a17000 	C:\WINDOWS\SYSTEM32\CRYPTSP.dll
0x00007ffbb5420000 - 0x00007ffbb5453000 	C:\WINDOWS\system32\rsaenh.dll
0x00007ffbb5b20000 - 0x00007ffbb5b45000 	C:\WINDOWS\SYSTEM32\bcrypt.dll
0x00007ffbb5ef0000 - 0x00007ffbb5f18000 	C:\WINDOWS\SYSTEM32\USERENV.dll
0x00007ffbb59f0000 - 0x00007ffbb59fb000 	C:\WINDOWS\SYSTEM32\CRYPTBASE.dll
0x00007ffbb55c0000 - 0x00007ffbb55f8000 	C:\WINDOWS\SYSTEM32\IPHLPAPI.DLL
0x00007ffbb77a0000 - 0x00007ffbb77a8000 	C:\WINDOWS\System32\NSI.dll
0x00007ffbab6b0000 - 0x00007ffbab6c6000 	C:\WINDOWS\SYSTEM32\dhcpcsvc6.DLL
0x00007ffbab950000 - 0x00007ffbab96a000 	C:\WINDOWS\SYSTEM32\dhcpcsvc.DLL

VM Arguments:
jvm_args: -Xmx1536m -Dfile.encoding=x-windows-949 -Duser.country=KR -Duser.language=ko -Duser.variant 
java_command: org.gradle.launcher.daemon.bootstrap.GradleDaemon 4.4
java_class_path (initial): C:\Users\Admin\.gradle\wrapper\dists\gradle-4.4-bin\bgaq7vklkazwgxox0hdadxbvi\gradle-4.4\lib\gradle-launcher-4.4.jar
Launcher Type: SUN_STANDARD

Environment Variables:
PATH=C:\Program Files (x86)\Common Files\Oracle\Java\javapath;C:\WINDOWS\system32;C:\WINDOWS;C:\WINDOWS\System32\Wbem;C:\WINDOWS\System32\WindowsPowerShell\v1.0\;C:\WINDOWS\System32\OpenSSH\;C:\Program Files\Git\cmd;C:\Users\Admin\AppData\Local\Programs\Python\Python36\Scripts\;C:\Users\Admin\AppData\Local\Programs\Python\Python36\;C:\Users\Admin\AppData\Local\Microsoft\WindowsApps;C:\Program Files\JetBrains\IntelliJ IDEA 2018.3.5\bin;C:\Users\Admin\AppData\Local\atom\bin;C:\Program Files (x86)\ESTsoft\ALSee\x64
USERNAME=Admin
OS=Windows_NT
PROCESSOR_IDENTIFIER=Intel64 Family 6 Model 78 Stepping 3, GenuineIntel



---------------  S Y S T E M  ---------------

OS: Windows 10.0 , 64 bit Build 17134 (10.0.17134.753)

CPU:total 4 (initial active 4) (2 cores per cpu, 2 threads per core) family 6 model 78 stepping 3, cmov, cx8, fxsr, mmx, sse, sse2, sse3, ssse3, sse4.1, sse4.2, popcnt, avx, avx2, aes, clmul, erms, 3dnowpref, lzcnt, ht, tsc, tscinvbit, bmi1, bmi2, adx

Memory: 4k page, physical 8177652k(1844048k free), swap 20685936k(5128k free)

vm_info: Java HotSpot(TM) 64-Bit Server VM (25.191-b12) for windows-amd64 JRE (1.8.0_191-b12), built on Oct  6 2018 09:29:03 by "java_re" with MS VC++ 10.0 (VS2010)

time: Thu Jun 13 20:43:00 2019
elapsed time: 14 seconds (0d 0h 0m 14s)

